java.util.MissingResourceException: Could not load any resource bundle by com.sun.org.apache.xerces.internal.impl.msg.XMLMessages
  java.xml@17.0.6/jdk.xml.internal.SecuritySupport.lambda$getResourceBundle$5(SecuritySupport.java:280)
  java.base@17.0.6/java.security.AccessController.executePrivileged(AccessController.java:168)
  java.base@17.0.6/java.security.AccessController.doPrivileged(AccessController.java:318)
  java.xml@17.0.6/jdk.xml.internal.SecuritySupport.getResourceBundle(SecuritySupport.java:273)
  java.xml@17.0.6/com.sun.org.apache.xerces.internal.impl.msg.XMLMessageFormatter.formatMessage(XMLMessageFormatter.java:74)
  java.xml@17.0.6/com.sun.org.apache.xerces.internal.impl.XMLErrorReporter.reportError(XMLErrorReporter.java:357)
  java.xml@17.0.6/com.sun.org.apache.xerces.internal.impl.XMLErrorReporter.reportError(XMLErrorReporter.java:327)
  java.xml@17.0.6/com.sun.org.apache.xerces.internal.impl.XMLScanner.reportFatalError(XMLScanner.java:1465)
  java.xml@17.0.6/com.sun.org.apache.xerces.internal.impl.XMLDocumentFragmentScannerImpl.seekCloseOfStartTag(XMLDocumentFragmentScannerImpl.java:1443)
  java.xml@17.0.6/com.sun.org.apache.xerces.internal.impl.XMLDocumentFragmentScannerImpl.scanStartElement(XMLDocumentFragmentScannerImpl.java:1357)
  java.xml@17.0.6/com.sun.org.apache.xerces.internal.impl.XMLDocumentScannerImpl$ContentDriver.scanRootElementHook(XMLDocumentScannerImpl.java:1292)
  java.xml@17.0.6/com.sun.org.apache.xerces.internal.impl.XMLDocumentFragmentScannerImpl$FragmentContentDriver.next(XMLDocumentFragmentScannerImpl.java:3079)
  java.xml@17.0.6/com.sun.org.apache.xerces.internal.impl.XMLDocumentScannerImpl$PrologDriver.next(XMLDocumentScannerImpl.java:836)
  java.xml@17.0.6/com.sun.org.apache.xerces.internal.impl.XMLDocumentScannerImpl.next(XMLDocumentScannerImpl.java:605)
  java.xml@17.0.6/com.sun.org.apache.xerces.internal.impl.XMLDocumentFragmentScannerImpl.scanDocument(XMLDocumentFragmentScannerImpl.java:542)
  java.xml@17.0.6/com.sun.org.apache.xerces.internal.parsers.XML11Configuration.parse(XML11Configuration.java:889)
  java.xml@17.0.6/com.sun.org.apache.xerces.internal.parsers.XML11Configuration.parse(XML11Configuration.java:825)
  java.xml@17.0.6/com.sun.org.apache.xerces.internal.parsers.XMLParser.parse(XMLParser.java:141)
  java.xml@17.0.6/com.sun.org.apache.xerces.internal.parsers.AbstractSAXParser.parse(AbstractSAXParser.java:1224)
  java.xml@17.0.6/com.sun.org.apache.xerces.internal.jaxp.SAXParserImpl$JAXPSAXParser.parse(SAXParserImpl.java:637)
  java.xml@17.0.6/com.sun.org.apache.xerces.internal.jaxp.SAXParserImpl.parse(SAXParserImpl.java:326)
  java.xml@17.0.6/javax.xml.parsers.SAXParser.parse(SAXParser.java:330)
  coursier.proxy.SetupProxy.setupPropertiesFrom(SetupProxy.java:208)
  coursier.proxy.SetupProxy.setupProperties(SetupProxy.java:276)
  coursier.proxy.SetupProxy.setup(SetupProxy.java:350)
  coursier.PlatformResolve.proxySetup(PlatformResolve.scala:101)
  scala.cli.ScalaCli$.main0(ScalaCli.scala:231)
  scala.cli.ScalaCli$.main(ScalaCli.scala:108)
  scala.cli.ScalaCli.main(ScalaCli.scala)
